# JRE version: Java(TM) SE Runtime Environment (17.0.7+8) (build 17.0.7+8-LTS-224)
# Java VM: Java HotSpot(TM) 64-Bit Server VM (17.0.7+8-LTS-224, mixed mode, sharing, tiered, compressed oops, compressed class ptrs, g1 gc, windows-amd64)
GC Precious Log:
 CPUs: 12 total, 12 available
 Memory: 7830M
 Large Page Support: Disabled
 NUMA Support: Disabled
 Compressed Oops: Enabled (32-bit)
 Heap Region Size: 1M
 Heap Min Capacity: 8M
 Heap Initial Capacity: 124M
 Heap Max Capacity: 1958M
 Pre-touch: Disabled
 Parallel Workers: 10
 Concurrent Workers: 3
 Concurrent Refinement Workers: 10
 Periodic GC: Disabled
Heap:
 garbage-first heap   total 70656K, used 37142K [0x0000000085a00000, 0x0000000100000000)
  region size 1024K, 6 young (6144K), 3 survivors (3072K)
 Metaspace       used 67530K, committed 67968K, reserved 1114112K
  class space    used 9111K, committed 9344K, reserved 1048576K
GC Heap History (20 events):
Event: 2.455 GC heap before
{Heap before GC invocations=8 (full 0):
 garbage-first heap   total 48128K, used 34963K [0x0000000085a00000, 0x0000000100000000)
  region size 1024K, 19 young (19456K), 2 survivors (2048K)
 Metaspace       used 35646K, committed 35968K, reserved 1081344K
  class space    used 4490K, committed 4672K, reserved 1048576K
}
Event: 2.458 GC heap after
{Heap after GC invocations=9 (full 0):
 garbage-first heap   total 58368K, used 20346K [0x0000000085a00000, 0x0000000100000000)
  region size 1024K, 2 young (2048K), 2 survivors (2048K)
 Metaspace       used 35646K, committed 35968K, reserved 1081344K
  class space    used 4490K, committed 4672K, reserved 1048576K
}
Event: 2.854 GC heap before
{Heap before GC invocations=10 (full 0):
 garbage-first heap   total 58368K, used 42874K [0x0000000085a00000, 0x0000000100000000)
  region size 1024K, 24 young (24576K), 2 survivors (2048K)
 Metaspace       used 40717K, committed 41024K, reserved 1089536K
  class space    used 5293K, committed 5440K, reserved 1048576K
}
Event: 2.856 GC heap after
{Heap after GC invocations=11 (full 0):
 garbage-first heap   total 58368K, used 21594K [0x0000000085a00000, 0x0000000100000000)
  region size 1024K, 3 young (3072K), 3 survivors (3072K)
 Metaspace       used 40717K, committed 41024K, reserved 1089536K
  class space    used 5293K, committed 5440K, reserved 1048576K
}
Event: 3.111 GC heap before
{Heap before GC invocations=11 (full 0):
 garbage-first heap   total 58368K, used 46170K [0x0000000085a00000, 0x0000000100000000)
  region size 1024K, 25 young (25600K), 3 survivors (3072K)
 Metaspace       used 46518K, committed 46848K, reserved 1089536K
  class space    used 6169K, committed 6336K, reserved 1048576K
}
Event: 3.114 GC heap after
{Heap after GC invocations=12 (full 0):
 garbage-first heap   total 58368K, used 24876K [0x0000000085a00000, 0x0000000100000000)
  region size 1024K, 3 young (3072K), 3 survivors (3072K)
 Metaspace       used 46518K, committed 46848K, reserved 1089536K
  class space    used 6169K, committed 6336K, reserved 1048576K
}
Event: 3.384 GC heap before
{Heap before GC invocations=12 (full 0):
 garbage-first heap   total 58368K, used 45356K [0x0000000085a00000, 0x0000000100000000)
  region size 1024K, 23 young (23552K), 3 survivors (3072K)
 Metaspace       used 51438K, committed 51776K, reserved 1097728K
  class space    used 6952K, committed 7104K, reserved 1048576K
}
Event: 3.386 GC heap after
{Heap after GC invocations=13 (full 0):
 garbage-first heap   total 58368K, used 25807K [0x0000000085a00000, 0x0000000100000000)
  region size 1024K, 3 young (3072K), 3 survivors (3072K)
 Metaspace       used 51438K, committed 51776K, reserved 1097728K
  class space    used 6952K, committed 7104K, reserved 1048576K
}
Event: 3.625 GC heap before
{Heap before GC invocations=13 (full 0):
 garbage-first heap   total 58368K, used 45263K [0x0000000085a00000, 0x0000000100000000)
  region size 1024K, 22 young (22528K), 3 survivors (3072K)
 Metaspace       used 54072K, committed 54464K, reserved 1097728K
  class space    used 7305K, committed 7488K, reserved 1048576K
}
Event: 3.628 GC heap after
{Heap after GC invocations=14 (full 0):
 garbage-first heap   total 58368K, used 27227K [0x0000000085a00000, 0x0000000100000000)
  region size 1024K, 3 young (3072K), 3 survivors (3072K)
 Metaspace       used 54072K, committed 54464K, reserved 1097728K
  class space    used 7305K, committed 7488K, reserved 1048576K
}
Event: 3.741 GC heap before
{Heap before GC invocations=14 (full 0):
 garbage-first heap   total 58368K, used 45659K [0x0000000085a00000, 0x0000000100000000)
  region size 1024K, 21 young (21504K), 3 survivors (3072K)
 Metaspace       used 55203K, committed 55616K, reserved 1097728K
  class space    used 7453K, committed 7680K, reserved 1048576K
}
Event: 3.743 GC heap after
{Heap after GC invocations=15 (full 0):
 garbage-first heap   total 58368K, used 28087K [0x0000000085a00000, 0x0000000100000000)
  region size 1024K, 3 young (3072K), 3 survivors (3072K)
 Metaspace       used 55203K, committed 55616K, reserved 1097728K
  class space    used 7453K, committed 7680K, reserved 1048576K
}
Event: 3.953 GC heap before
{Heap before GC invocations=15 (full 0):
 garbage-first heap   total 58368K, used 46519K [0x0000000085a00000, 0x0000000100000000)
  region size 1024K, 21 young (21504K), 3 survivors (3072K)
 Metaspace       used 56877K, committed 57280K, reserved 1105920K
  class space    used 7638K, committed 7808K, reserved 1048576K
}
Event: 3.957 GC heap after
{Heap after GC invocations=16 (full 0):
 garbage-first heap   total 70656K, used 29547K [0x0000000085a00000, 0x0000000100000000)
  region size 1024K, 3 young (3072K), 3 survivors (3072K)
 Metaspace       used 56877K, committed 57280K, reserved 1105920K
  class space    used 7638K, committed 7808K, reserved 1048576K
}
Event: 4.392 GC heap before
{Heap before GC invocations=17 (full 0):
 garbage-first heap   total 70656K, used 57195K [0x0000000085a00000, 0x0000000100000000)
  region size 1024K, 30 young (30720K), 3 survivors (3072K)
 Metaspace       used 59539K, committed 59904K, reserved 1105920K
  class space    used 8022K, committed 8192K, reserved 1048576K
}
Event: 4.396 GC heap after
{Heap after GC invocations=18 (full 0):
 garbage-first heap   total 70656K, used 32374K [0x0000000085a00000, 0x0000000100000000)
  region size 1024K, 4 young (4096K), 4 survivors (4096K)
 Metaspace       used 59539K, committed 59904K, reserved 1105920K
  class space    used 8022K, committed 8192K, reserved 1048576K
}
Event: 4.701 GC heap before
{Heap before GC invocations=18 (full 0):
 garbage-first heap   total 70656K, used 56950K [0x0000000085a00000, 0x0000000100000000)
  region size 1024K, 28 young (28672K), 4 survivors (4096K)
 Metaspace       used 61789K, committed 62208K, reserved 1105920K
  class space    used 8386K, committed 8576K, reserved 1048576K
}
Event: 4.706 GC heap after
{Heap after GC invocations=19 (full 0):
 garbage-first heap   total 70656K, used 33847K [0x0000000085a00000, 0x0000000100000000)
  region size 1024K, 2 young (2048K), 2 survivors (2048K)
 Metaspace       used 61789K, committed 62208K, reserved 1105920K
  class space    used 8386K, committed 8576K, reserved 1048576K
}
Event: 8.104 GC heap before
{Heap before GC invocations=19 (full 0):
 garbage-first heap   total 70656K, used 56375K [0x0000000085a00000, 0x0000000100000000)
  region size 1024K, 25 young (25600K), 2 survivors (2048K)
 Metaspace       used 66439K, committed 66816K, reserved 1114112K
  class space    used 8955K, committed 9152K, reserved 1048576K
}
Event: 8.108 GC heap after
{Heap after GC invocations=20 (full 0):
 garbage-first heap   total 70656K, used 35094K [0x0000000085a00000, 0x0000000100000000)
  region size 1024K, 3 young (3072K), 3 survivors (3072K)
 Metaspace       used 66439K, committed 66816K, reserved 1114112K
  class space    used 8955K, committed 9152K, reserved 1048576K
}

