# JRE version: Java(TM) SE Runtime Environment (17.0.7+8) (build 17.0.7+8-LTS-224)
# Java VM: Java HotSpot(TM) 64-Bit Server VM (17.0.7+8-LTS-224, mixed mode, sharing, tiered, compressed oops, compressed class ptrs, g1 gc, windows-amd64)
GC Precious Log:
 CPUs: 12 total, 12 available
 Memory: 7830M
 Large Page Support: Disabled
 NUMA Support: Disabled
 Compressed Oops: Enabled (32-bit)
 Heap Region Size: 1M
 Heap Min Capacity: 8M
 Heap Initial Capacity: 124M
 Heap Max Capacity: 1958M
 Pre-touch: Disabled
 Parallel Workers: 10
 Concurrent Workers: 3
 Concurrent Refinement Workers: 10
 Periodic GC: Disabled
Heap:
 garbage-first heap   total 89088K, used 38128K [0x0000000085a00000, 0x0000000100000000)
  region size 1024K, 7 young (7168K), 3 survivors (3072K)
 Metaspace       used 67587K, committed 68032K, reserved 1114112K
  class space    used 9108K, committed 9344K, reserved 1048576K
GC Heap History (20 events):
Event: 2.324 GC heap before
{Heap before GC invocations=8 (full 0):
 garbage-first heap   total 61440K, used 30258K [0x0000000085a00000, 0x0000000100000000)
  region size 1024K, 14 young (14336K), 2 survivors (2048K)
 Metaspace       used 35646K, committed 35968K, reserved 1081344K
  class space    used 4492K, committed 4672K, reserved 1048576K
}
Event: 2.327 GC heap after
{Heap after GC invocations=9 (full 0):
 garbage-first heap   total 61440K, used 20315K [0x0000000085a00000, 0x0000000100000000)
  region size 1024K, 3 young (3072K), 3 survivors (3072K)
 Metaspace       used 35646K, committed 35968K, reserved 1081344K
  class space    used 4492K, committed 4672K, reserved 1048576K
}
Event: 2.813 GC heap before
{Heap before GC invocations=10 (full 0):
 garbage-first heap   total 61440K, used 46939K [0x0000000085a00000, 0x0000000100000000)
  region size 1024K, 28 young (28672K), 3 survivors (3072K)
 Metaspace       used 41326K, committed 41664K, reserved 1089536K
  class space    used 5417K, committed 5568K, reserved 1048576K
}
Event: 2.817 GC heap after
{Heap after GC invocations=11 (full 0):
 garbage-first heap   total 61440K, used 23643K [0x0000000085a00000, 0x0000000100000000)
  region size 1024K, 3 young (3072K), 3 survivors (3072K)
 Metaspace       used 41326K, committed 41664K, reserved 1089536K
  class space    used 5417K, committed 5568K, reserved 1048576K
}
Event: 3.159 GC heap before
{Heap before GC invocations=11 (full 0):
 garbage-first heap   total 61440K, used 46171K [0x0000000085a00000, 0x0000000100000000)
  region size 1024K, 25 young (25600K), 3 survivors (3072K)
 Metaspace       used 47225K, committed 47488K, reserved 1097728K
  class space    used 6253K, committed 6400K, reserved 1048576K
}
Event: 3.162 GC heap after
{Heap after GC invocations=12 (full 0):
 garbage-first heap   total 61440K, used 24880K [0x0000000085a00000, 0x0000000100000000)
  region size 1024K, 3 young (3072K), 3 survivors (3072K)
 Metaspace       used 47225K, committed 47488K, reserved 1097728K
  class space    used 6253K, committed 6400K, reserved 1048576K
}
Event: 3.446 GC heap before
{Heap before GC invocations=12 (full 0):
 garbage-first heap   total 61440K, used 47408K [0x0000000085a00000, 0x0000000100000000)
  region size 1024K, 25 young (25600K), 3 survivors (3072K)
 Metaspace       used 51634K, committed 51968K, reserved 1097728K
  class space    used 6969K, committed 7104K, reserved 1048576K
}
Event: 3.449 GC heap after
{Heap after GC invocations=13 (full 0):
 garbage-first heap   total 61440K, used 26038K [0x0000000085a00000, 0x0000000100000000)
  region size 1024K, 3 young (3072K), 3 survivors (3072K)
 Metaspace       used 51634K, committed 51968K, reserved 1097728K
  class space    used 6969K, committed 7104K, reserved 1048576K
}
Event: 3.682 GC heap before
{Heap before GC invocations=13 (full 0):
 garbage-first heap   total 61440K, used 47542K [0x0000000085a00000, 0x0000000100000000)
  region size 1024K, 24 young (24576K), 3 survivors (3072K)
 Metaspace       used 54190K, committed 54528K, reserved 1097728K
  class space    used 7307K, committed 7488K, reserved 1048576K
}
Event: 3.686 GC heap after
{Heap after GC invocations=14 (full 0):
 garbage-first heap   total 61440K, used 27540K [0x0000000085a00000, 0x0000000100000000)
  region size 1024K, 3 young (3072K), 3 survivors (3072K)
 Metaspace       used 54190K, committed 54528K, reserved 1097728K
  class space    used 7307K, committed 7488K, reserved 1048576K
}
Event: 3.811 GC heap before
{Heap before GC invocations=14 (full 0):
 garbage-first heap   total 61440K, used 48020K [0x0000000085a00000, 0x0000000100000000)
  region size 1024K, 23 young (23552K), 3 survivors (3072K)
 Metaspace       used 55305K, committed 55680K, reserved 1097728K
  class space    used 7459K, committed 7680K, reserved 1048576K
}
Event: 3.813 GC heap after
{Heap after GC invocations=15 (full 0):
 garbage-first heap   total 73728K, used 28313K [0x0000000085a00000, 0x0000000100000000)
  region size 1024K, 3 young (3072K), 3 survivors (3072K)
 Metaspace       used 55305K, committed 55680K, reserved 1097728K
  class space    used 7459K, committed 7680K, reserved 1048576K
}
Event: 4.244 GC heap before
{Heap before GC invocations=15 (full 0):
 garbage-first heap   total 73728K, used 56985K [0x0000000085a00000, 0x0000000100000000)
  region size 1024K, 31 young (31744K), 3 survivors (3072K)
 Metaspace       used 58750K, committed 59136K, reserved 1105920K
  class space    used 7880K, committed 8064K, reserved 1048576K
}
Event: 4.249 GC heap after
{Heap after GC invocations=16 (full 0):
 garbage-first heap   total 73728K, used 31201K [0x0000000085a00000, 0x0000000100000000)
  region size 1024K, 4 young (4096K), 4 survivors (4096K)
 Metaspace       used 58750K, committed 59136K, reserved 1105920K
  class space    used 7880K, committed 8064K, reserved 1048576K
}
Event: 4.385 GC heap before
{Heap before GC invocations=16 (full 0):
 garbage-first heap   total 73728K, used 40417K [0x0000000085a00000, 0x0000000100000000)
  region size 1024K, 14 young (14336K), 4 survivors (4096K)
 Metaspace       used 59761K, committed 60096K, reserved 1105920K
  class space    used 8018K, committed 8192K, reserved 1048576K
}
Event: 4.389 GC heap after
{Heap after GC invocations=17 (full 0):
 garbage-first heap   total 73728K, used 32586K [0x0000000085a00000, 0x0000000100000000)
  region size 1024K, 2 young (2048K), 2 survivors (2048K)
 Metaspace       used 59761K, committed 60096K, reserved 1105920K
  class space    used 8018K, committed 8192K, reserved 1048576K
}
Event: 4.672 GC heap before
{Heap before GC invocations=18 (full 0):
 garbage-first heap   total 73728K, used 57162K [0x0000000085a00000, 0x0000000100000000)
  region size 1024K, 26 young (26624K), 2 survivors (2048K)
 Metaspace       used 61741K, committed 62080K, reserved 1105920K
  class space    used 8378K, committed 8576K, reserved 1048576K
}
Event: 4.675 GC heap after
{Heap after GC invocations=19 (full 0):
 garbage-first heap   total 73728K, used 33551K [0x0000000085a00000, 0x0000000100000000)
  region size 1024K, 3 young (3072K), 3 survivors (3072K)
 Metaspace       used 61741K, committed 62080K, reserved 1105920K
  class space    used 8378K, committed 8576K, reserved 1048576K
}
Event: 11.753 GC heap before
{Heap before GC invocations=19 (full 0):
 garbage-first heap   total 73728K, used 57103K [0x0000000085a00000, 0x0000000100000000)
  region size 1024K, 27 young (27648K), 3 survivors (3072K)
 Metaspace       used 66176K, committed 66624K, reserved 1114112K
  class space    used 8923K, committed 9152K, reserved 1048576K
}
Event: 11.757 GC heap after
{Heap after GC invocations=20 (full 0):
 garbage-first heap   total 89088K, used 35056K [0x0000000085a00000, 0x0000000100000000)
  region size 1024K, 3 young (3072K), 3 survivors (3072K)
 Metaspace       used 66176K, committed 66624K, reserved 1114112K
  class space    used 8923K, committed 9152K, reserved 1048576K
}

