# JRE version: Java(TM) SE Runtime Environment (17.0.7+8) (build 17.0.7+8-LTS-224)
# Java VM: Java HotSpot(TM) 64-Bit Server VM (17.0.7+8-LTS-224, mixed mode, sharing, tiered, compressed oops, compressed class ptrs, g1 gc, windows-amd64)
GC Precious Log:
 CPUs: 12 total, 12 available
 Memory: 7830M
 Large Page Support: Disabled
 NUMA Support: Disabled
 Compressed Oops: Enabled (32-bit)
 Heap Region Size: 1M
 Heap Min Capacity: 8M
 Heap Initial Capacity: 124M
 Heap Max Capacity: 1958M
 Pre-touch: Disabled
 Parallel Workers: 10
 Concurrent Workers: 3
 Concurrent Refinement Workers: 10
 Periodic GC: Disabled
Heap:
 garbage-first heap   total 86016K, used 34868K [0x0000000085a00000, 0x0000000100000000)
  region size 1024K, 4 young (4096K), 3 survivors (3072K)
 Metaspace       used 67633K, committed 68096K, reserved 1114112K
  class space    used 9114K, committed 9344K, reserved 1048576K
GC Heap History (20 events):
Event: 1.470 GC heap before
{Heap before GC invocations=5 (full 0):
 garbage-first heap   total 51200K, used 38834K [0x0000000085a00000, 0x0000000100000000)
  region size 1024K, 30 young (30720K), 5 survivors (5120K)
 Metaspace       used 25035K, committed 25280K, reserved 1073152K
  class space    used 3172K, committed 3264K, reserved 1048576K
}
Event: 1.473 GC heap after
{Heap after GC invocations=6 (full 0):
 garbage-first heap   total 51200K, used 14593K [0x0000000085a00000, 0x0000000100000000)
  region size 1024K, 3 young (3072K), 3 survivors (3072K)
 Metaspace       used 25035K, committed 25280K, reserved 1073152K
  class space    used 3172K, committed 3264K, reserved 1048576K
}
Event: 1.487 GC heap before
{Heap before GC invocations=6 (full 0):
 garbage-first heap   total 51200K, used 15617K [0x0000000085a00000, 0x0000000100000000)
  region size 1024K, 4 young (4096K), 3 survivors (3072K)
 Metaspace       used 25127K, committed 25344K, reserved 1073152K
  class space    used 3192K, committed 3264K, reserved 1048576K
}
Event: 1.490 GC heap after
{Heap after GC invocations=7 (full 0):
 garbage-first heap   total 51200K, used 14851K [0x0000000085a00000, 0x0000000100000000)
  region size 1024K, 1 young (1024K), 1 survivors (1024K)
 Metaspace       used 25127K, committed 25344K, reserved 1073152K
  class space    used 3192K, committed 3264K, reserved 1048576K
}
Event: 1.824 GC heap before
{Heap before GC invocations=7 (full 0):
 garbage-first heap   total 51200K, used 36355K [0x0000000085a00000, 0x0000000100000000)
  region size 1024K, 22 young (22528K), 1 survivors (1024K)
 Metaspace       used 29121K, committed 29376K, reserved 1081344K
  class space    used 3764K, committed 3904K, reserved 1048576K
}
Event: 1.827 GC heap after
{Heap after GC invocations=8 (full 0):
 garbage-first heap   total 76800K, used 17040K [0x0000000085a00000, 0x0000000100000000)
  region size 1024K, 3 young (3072K), 3 survivors (3072K)
 Metaspace       used 29121K, committed 29376K, reserved 1081344K
  class space    used 3764K, committed 3904K, reserved 1048576K
}
Event: 2.272 GC heap before
{Heap before GC invocations=8 (full 0):
 garbage-first heap   total 76800K, used 46736K [0x0000000085a00000, 0x0000000100000000)
  region size 1024K, 33 young (33792K), 3 survivors (3072K)
 Metaspace       used 35666K, committed 35968K, reserved 1081344K
  class space    used 4496K, committed 4672K, reserved 1048576K
}
Event: 2.277 GC heap after
{Heap after GC invocations=9 (full 0):
 garbage-first heap   total 76800K, used 19858K [0x0000000085a00000, 0x0000000100000000)
  region size 1024K, 3 young (3072K), 3 survivors (3072K)
 Metaspace       used 35666K, committed 35968K, reserved 1081344K
  class space    used 4496K, committed 4672K, reserved 1048576K
}
Event: 2.904 GC heap before
{Heap before GC invocations=10 (full 0):
 garbage-first heap   total 71680K, used 58770K [0x0000000085a00000, 0x0000000100000000)
  region size 1024K, 39 young (39936K), 3 survivors (3072K)
 Metaspace       used 44176K, committed 44480K, reserved 1089536K
  class space    used 5888K, committed 6016K, reserved 1048576K
}
Event: 2.908 GC heap after
{Heap after GC invocations=11 (full 0):
 garbage-first heap   total 71680K, used 24104K [0x0000000085a00000, 0x0000000100000000)
  region size 1024K, 3 young (3072K), 3 survivors (3072K)
 Metaspace       used 44176K, committed 44480K, reserved 1089536K
  class space    used 5888K, committed 6016K, reserved 1048576K
}
Event: 3.298 GC heap before
{Heap before GC invocations=11 (full 0):
 garbage-first heap   total 71680K, used 53800K [0x0000000085a00000, 0x0000000100000000)
  region size 1024K, 32 young (32768K), 3 survivors (3072K)
 Metaspace       used 51098K, committed 51392K, reserved 1097728K
  class space    used 6907K, committed 7040K, reserved 1048576K
}
Event: 3.301 GC heap after
{Heap after GC invocations=12 (full 0):
 garbage-first heap   total 71680K, used 25343K [0x0000000085a00000, 0x0000000100000000)
  region size 1024K, 4 young (4096K), 4 survivors (4096K)
 Metaspace       used 51098K, committed 51392K, reserved 1097728K
  class space    used 6907K, committed 7040K, reserved 1048576K
}
Event: 3.583 GC heap before
{Heap before GC invocations=12 (full 0):
 garbage-first heap   total 71680K, used 55039K [0x0000000085a00000, 0x0000000100000000)
  region size 1024K, 33 young (33792K), 4 survivors (4096K)
 Metaspace       used 54233K, committed 54656K, reserved 1097728K
  class space    used 7313K, committed 7552K, reserved 1048576K
}
Event: 3.588 GC heap after
{Heap after GC invocations=13 (full 0):
 garbage-first heap   total 71680K, used 27182K [0x0000000085a00000, 0x0000000100000000)
  region size 1024K, 4 young (4096K), 4 survivors (4096K)
 Metaspace       used 54233K, committed 54656K, reserved 1097728K
  class space    used 7313K, committed 7552K, reserved 1048576K
}
Event: 3.861 GC heap before
{Heap before GC invocations=13 (full 0):
 garbage-first heap   total 71680K, used 55854K [0x0000000085a00000, 0x0000000100000000)
  region size 1024K, 32 young (32768K), 4 survivors (4096K)
 Metaspace       used 56974K, committed 57344K, reserved 1105920K
  class space    used 7646K, committed 7808K, reserved 1048576K
}
Event: 3.864 GC heap after
{Heap after GC invocations=14 (full 0):
 garbage-first heap   total 71680K, used 29260K [0x0000000085a00000, 0x0000000100000000)
  region size 1024K, 4 young (4096K), 4 survivors (4096K)
 Metaspace       used 56974K, committed 57344K, reserved 1105920K
  class space    used 7646K, committed 7808K, reserved 1048576K
}
Event: 4.236 GC heap before
{Heap before GC invocations=14 (full 0):
 garbage-first heap   total 71680K, used 54860K [0x0000000085a00000, 0x0000000100000000)
  region size 1024K, 30 young (30720K), 4 survivors (4096K)
 Metaspace       used 59757K, committed 60096K, reserved 1105920K
  class space    used 8021K, committed 8192K, reserved 1048576K
}
Event: 4.240 GC heap after
{Heap after GC invocations=15 (full 0):
 garbage-first heap   total 71680K, used 31802K [0x0000000085a00000, 0x0000000100000000)
  region size 1024K, 4 young (4096K), 4 survivors (4096K)
 Metaspace       used 59757K, committed 60096K, reserved 1105920K
  class space    used 8021K, committed 8192K, reserved 1048576K
}
Event: 4.516 GC heap before
{Heap before GC invocations=16 (full 0):
 garbage-first heap   total 71680K, used 56378K [0x0000000085a00000, 0x0000000100000000)
  region size 1024K, 28 young (28672K), 4 survivors (4096K)
 Metaspace       used 61744K, committed 62144K, reserved 1105920K
  class space    used 8382K, committed 8576K, reserved 1048576K
}
Event: 4.520 GC heap after
{Heap after GC invocations=17 (full 0):
 garbage-first heap   total 86016K, used 33452K [0x0000000085a00000, 0x0000000100000000)
  region size 1024K, 2 young (2048K), 2 survivors (2048K)
 Metaspace       used 61744K, committed 62144K, reserved 1105920K
  class space    used 8382K, committed 8576K, reserved 1048576K
}

